build/app/outputs/mapping/release/mapping.txt
# compiler: R8
# compiler_version: 1.5.64
# min_api: 21
# pg_map_id: 0f59980
...
io.flutter.embedding.engine.systemchannels.PlatformViewsChannel$PlatformViewResizeRequest -> io.flutter.embedding.engine.i.i$c:
    double newLogicalWidth -> b
    double newLogicalHeight -> c
    int viewId -> a
io.flutter.embedding.engine.systemchannels.PlatformViewsChannel$PlatformViewTouch -> io.flutter.embedding.engine.i.i$d:
    int source -> n
    float yPrecision -> k
    int flags -> o
    float xPrecision -> j
    int deviceId -> l
    int edgeFlags -> m
    java.lang.Object rawPointerPropertiesList -> f
    java.lang.Object rawPointerCoords -> g
    int metaState -> h
    int buttonState -> i
    int action -> d
    int pointerCount -> e
    int viewId -> a
    java.lang.Number downTime -> b
    java.lang.Number eventTime -> c
    long motionEventId -> p
io.flutter.embedding.engine.systemchannels.PlatformViewsChannel$PlatformViewsHandler -> io.flutter.embedding.engine.i.i$e:
    void clearFocus(int) -> a
    long createVirtualDisplayForPlatformView(io.flutter.embedding.engine.systemchannels.PlatformViewsChannel$PlatformViewCreationRequest) -> a
    void onTouch(io.flutter.embedding.engine.systemchannels.PlatformViewsChannel$PlatformViewTouch) -> a
    void resizePlatformView(io.flutter.embedding.engine.systemchannels.PlatformViewsChannel$PlatformViewResizeRequest,java.lang.Runnable) -> a
    void setDirection(int,int) -> a
    void createAndroidViewForPlatformView(io.flutter.embedding.engine.systemchannels.PlatformViewsChannel$PlatformViewCreationRequest) -> b
    void disposeAndroidViewForPlatformView(int) -> b
    void disposeVirtualDisplayForPlatformView(int) -> c
io.flutter.embedding.engine.systemchannels.RestorationChannel -> io.flutter.embedding.engine.i.j:
    byte[] restorationData -> b
    io.flutter.plugin.common.MethodChannel$MethodCallHandler handler -> g
    boolean engineHasProvidedData -> e
    boolean frameworkHasRequestedData -> f
    boolean waitForRestorationData -> a
    io.flutter.plugin.common.MethodChannel channel -> c
    io.flutter.plugin.common.MethodChannel$Result pendingFrameworkRestorationChannelRequest -> d
    byte[] access$000(io.flutter.embedding.engine.systemchannels.RestorationChannel) -> a
    byte[] access$002(io.flutter.embedding.engine.systemchannels.RestorationChannel,byte[]) -> a
    boolean access$102(io.flutter.embedding.engine.systemchannels.RestorationChannel,boolean) -> a
    io.flutter.plugin.common.MethodChannel$Result access$402(io.flutter.embedding.engine.systemchannels.RestorationChannel,io.flutter.plugin.common.MethodChannel$Result) -> a
    void clearData() -> a
    void setRestorationData(byte[]) -> a
    boolean access$200(io.flutter.embedding.engine.systemchannels.RestorationChannel) -> b
    java.util.Map access$300(io.flutter.embedding.engine.systemchannels.RestorationChannel,byte[]) -> b
    byte[] getRestorationData() -> b
    java.util.Map packageData(byte[]) -> b
io.flutter.embedding.engine.systemchannels.RestorationChannel$1 -> io.flutter.embedding.engine.i.j$a:
    byte[] val$data -> a
    io.flutter.embedding.engine.systemchannels.RestorationChannel this$0 -> b
    void error(java.lang.String,java.lang.String,java.lang.Object) -> a
    void notImplemented() -> a
    void success(java.lang.Object) -> a
io.flutter.embedding.engine.systemchannels.RestorationChannel$2 -> io.flutter.embedding.engine.i.j$b:
    io.flutter.embedding.engine.systemchannels.RestorationChannel this$0 -> a
    void onMethodCall(io.flutter.plugin.common.MethodCall,io.flutter.plugin.common.MethodChannel$Result) -> a
io.flutter.embedding.engine.systemchannels.SettingsChannel -> io.flutter.embedding.engine.i.k:
    io.flutter.plugin.common.BasicMessageChannel channel -> a
    io.flutter.embedding.engine.systemchannels.SettingsChannel$MessageBuilder startMessage() -> a